Traceback (most recent call last):
  File "/opt/hostedtoolcache/Python/3.10.18/x64/lib/python3.10/site-packages/jupyter_core/utils/__init__.py", line 154, in wrapped
    asyncio.get_running_loop()
RuntimeError: no running event loop

During handling of the above exception, another exception occurred:

Traceback (most recent call last):
  File "/opt/hostedtoolcache/Python/3.10.18/x64/lib/python3.10/site-packages/jupyter_cache/executors/utils.py", line 58, in single_nb_execution
    executenb(
  File "/opt/hostedtoolcache/Python/3.10.18/x64/lib/python3.10/site-packages/nbclient/client.py", line 1319, in execute
    return NotebookClient(nb=nb, resources=resources, km=km, **kwargs).execute()
  File "/opt/hostedtoolcache/Python/3.10.18/x64/lib/python3.10/site-packages/jupyter_core/utils/__init__.py", line 158, in wrapped
    return loop.run_until_complete(inner)
  File "/opt/hostedtoolcache/Python/3.10.18/x64/lib/python3.10/asyncio/base_events.py", line 649, in run_until_complete
    return future.result()
  File "/opt/hostedtoolcache/Python/3.10.18/x64/lib/python3.10/site-packages/nbclient/client.py", line 709, in async_execute
    await self.async_execute_cell(
  File "/opt/hostedtoolcache/Python/3.10.18/x64/lib/python3.10/site-packages/nbclient/client.py", line 1062, in async_execute_cell
    await self._check_raise_for_error(cell, cell_index, exec_reply)
  File "/opt/hostedtoolcache/Python/3.10.18/x64/lib/python3.10/site-packages/nbclient/client.py", line 918, in _check_raise_for_error
    raise CellExecutionError.from_cell_and_msg(cell, exec_reply_content)
nbclient.exceptions.CellExecutionError: An error occurred while executing the following cell:
------------------
import requests
import pandas as pd
from requests_html import HTML
from requests_html import HTMLSession
------------------


[0;31m---------------------------------------------------------------------------[0m
[0;31mImportError[0m                               Traceback (most recent call last)
Cell [0;32mIn[2], line 3[0m
[1;32m      1[0m [38;5;28;01mimport[39;00m[38;5;250m [39m[38;5;21;01mrequests[39;00m
[1;32m      2[0m [38;5;28;01mimport[39;00m[38;5;250m [39m[38;5;21;01mpandas[39;00m[38;5;250m [39m[38;5;28;01mas[39;00m[38;5;250m [39m[38;5;21;01mpd[39;00m
[0;32m----> 3[0m [38;5;28;01mfrom[39;00m[38;5;250m [39m[38;5;21;01mrequests_html[39;00m[38;5;250m [39m[38;5;28;01mimport[39;00m HTML
[1;32m      4[0m [38;5;28;01mfrom[39;00m[38;5;250m [39m[38;5;21;01mrequests_html[39;00m[38;5;250m [39m[38;5;28;01mimport[39;00m HTMLSession

File [0;32m/opt/hostedtoolcache/Python/3.10.18/x64/lib/python3.10/site-packages/requests_html.py:14[0m
[1;32m     11[0m [38;5;28;01mfrom[39;00m[38;5;250m [39m[38;5;21;01mpyquery[39;00m[38;5;250m [39m[38;5;28;01mimport[39;00m PyQuery
[1;32m     13[0m [38;5;28;01mfrom[39;00m[38;5;250m [39m[38;5;21;01mfake_useragent[39;00m[38;5;250m [39m[38;5;28;01mimport[39;00m UserAgent
[0;32m---> 14[0m [38;5;28;01mfrom[39;00m[38;5;250m [39m[38;5;21;01mlxml[39;00m[38;5;21;01m.[39;00m[38;5;21;01mhtml[39;00m[38;5;21;01m.[39;00m[38;5;21;01mclean[39;00m[38;5;250m [39m[38;5;28;01mimport[39;00m Cleaner
[1;32m     15[0m [38;5;28;01mimport[39;00m[38;5;250m [39m[38;5;21;01mlxml[39;00m
[1;32m     16[0m [38;5;28;01mfrom[39;00m[38;5;250m [39m[38;5;21;01mlxml[39;00m[38;5;250m [39m[38;5;28;01mimport[39;00m etree

File [0;32m/opt/hostedtoolcache/Python/3.10.18/x64/lib/python3.10/site-packages/lxml/html/clean.py:18[0m
[1;32m      8[0m     __all__ [38;5;241m=[39m [
[1;32m      9[0m         [38;5;124m"[39m[38;5;124mclean_html[39m[38;5;124m"[39m,
[1;32m     10[0m         [38;5;124m"[39m[38;5;124mclean[39m[38;5;124m"[39m,
[0;32m   (...)[0m
[1;32m     15[0m         [38;5;124m"[39m[38;5;124mword_break_html[39m[38;5;124m"[39m,
[1;32m     16[0m     ]
[1;32m     17[0m [38;5;28;01mexcept[39;00m [38;5;167;01mImportError[39;00m:
[0;32m---> 18[0m     [38;5;28;01mraise[39;00m [38;5;167;01mImportError[39;00m(
[1;32m     19[0m         [38;5;124m"[39m[38;5;124mlxml.html.clean module is now a separate project lxml_html_clean.[39m[38;5;130;01m\n[39;00m[38;5;124m"[39m
[1;32m     20[0m         [38;5;124m"[39m[38;5;124mInstall lxml[html_clean] or lxml_html_clean directly.[39m[38;5;124m"[39m
[1;32m     21[0m     ) [38;5;28;01mfrom[39;00m[38;5;250m [39m[38;5;28;01mNone[39;00m

[0;31mImportError[0m: lxml.html.clean module is now a separate project lxml_html_clean.
Install lxml[html_clean] or lxml_html_clean directly.

